Analysis initiated from SIMULIA established products
Abaqus JOB quarter
Abaqus 2021
Abaqus License Manager checked out the following licenses:
Abaqus/Standard checked out 5 tokens from Flexnet server ls-abaqus-t.bris.ac.uk.
<1980 out of 2000 licenses remain available>.
Begin Analysis Input File Processor
7/18/2022 11:17:38 AM
Run pre.exe
7/18/2022 11:17:50 AM
End Analysis Input File Processor
Begin Abaqus/Standard Analysis
7/18/2022 11:17:50 AM
Run standard.exe
7/18/2022 11:31:25 AM
End Abaqus/Standard Analysis
Begin SIM Wrap-up
7/18/2022 11:31:27 AM
Run SMASimUtility.exe
7/18/2022 11:31:27 AM
End SIM Wrap-up
Abaqus JOB quarter COMPLETED
