Analysis initiated from SIMULIA established products
Abaqus JOB threequarter
Abaqus 2021
Abaqus License Manager checked out the following licenses:
Abaqus/Standard checked out 5 tokens from Flexnet server ls-abaqus-t.bris.ac.uk.
<1990 out of 2000 licenses remain available>.
Begin Analysis Input File Processor
7/18/2022 1:42:03 PM
Run pre.exe
7/18/2022 1:42:12 PM
End Analysis Input File Processor
Begin Abaqus/Standard Analysis
7/18/2022 1:42:12 PM
Run standard.exe
7/18/2022 1:47:56 PM
End Abaqus/Standard Analysis
Begin SIM Wrap-up
7/18/2022 1:47:57 PM
Run SMASimUtility.exe
7/18/2022 1:47:57 PM
End SIM Wrap-up
Abaqus JOB threequarter COMPLETED
